<?xml version="1.0" encoding="UTF-8"?>
<testng-results ignored="0" total="1" passed="1" failed="0" skipped="0">
  <reporter-output>
  </reporter-output>
  <suite started-at="2025-02-13T19:50:09 IST" name="Default suite" finished-at="2025-02-13T19:50:33 IST" duration-ms="24789">
    <groups>
      <group name="cucumber">
        <method signature="AbstractTestNGCucumberTests.runScenario(io.cucumber.testng.PickleWrapper,io.cucumber.testng.FeatureWrapper)[pri:0, instance:runners.TestRunner@451001e5]" name="runScenario" class="io.cucumber.testng.AbstractTestNGCucumberTests"/>
      </group> <!-- cucumber -->
    </groups>
    <test started-at="2025-02-13T19:50:09 IST" name="Default test" finished-at="2025-02-13T19:50:33 IST" duration-ms="24789">
      <class name="runners.TestRunner">
        <test-method is-config="true" signature="setUpClass(org.testng.ITestContext)[pri:0, instance:runners.TestRunner@451001e5]" started-at="2025-02-13T19:50:09 IST" name="setUpClass" finished-at="2025-02-13T19:50:09 IST" duration-ms="757" status="PASS">
          <params>
            <param index="0">
              <value>
                <![CDATA[org.testng.TestRunner@2b27cc70]]>
              </value>
            </param>
          </params>
          <reporter-output>
          </reporter-output>
        </test-method> <!-- setUpClass -->
        <test-method signature="runScenario(io.cucumber.testng.PickleWrapper,io.cucumber.testng.FeatureWrapper)[pri:0, instance:runners.TestRunner@451001e5]" started-at="2025-02-13T19:50:09 IST" name="runScenario" description="Runs Cucumber Scenarios" data-provider="scenarios" finished-at="2025-02-13T19:50:33 IST" duration-ms="23834" status="PASS">
          <params>
            <param index="0">
              <value>
                <![CDATA["Register a new user with login"]]>
              </value>
            </param>
            <param index="1">
              <value>
                <![CDATA["User Registration and login"]]>
              </value>
            </param>
          </params>
          <reporter-output>
          </reporter-output>
        </test-method> <!-- runScenario -->
        <test-method is-config="true" signature="tearDownClass()[pri:0, instance:runners.TestRunner@451001e5]" started-at="2025-02-13T19:50:33 IST" name="tearDownClass" finished-at="2025-02-13T19:50:33 IST" duration-ms="134" status="PASS">
          <reporter-output>
          </reporter-output>
        </test-method> <!-- tearDownClass -->
      </class> <!-- runners.TestRunner -->
    </test> <!-- Default test -->
  </suite> <!-- Default suite -->
</testng-results>
